<?xml version="1.0" encoding="UTF-8"?>
<!-- Generated by org.testng.reporters.JUnitReportReporter -->
<testsuite hostname="SHREYAS-PC" failures="0" tests="1" name="Automation.SeleniumrepeatProject.Tests.ErrorValidations" time="12.856" errors="0" timestamp="2023-08-15T15:15:05 IST" skipped="0">
  <testcase classname="Automation.SeleniumrepeatProject.Tests.ErrorValidations" name="submitOrder" time="12.856"/>
  <system-out/>
</testsuite> <!-- Automation.SeleniumrepeatProject.Tests.ErrorValidations -->
