<?xml version="1.0" encoding="UTF-8"?>
<!-- Generated by org.testng.reporters.JUnitReportReporter -->
<testsuite hostname="SHREYAS-PC" failures="0" tests="3" name="Automation.SeleniumrepeatProject.Tests.SubmitOrderTest" time="46.761" errors="0" timestamp="2023-08-16T19:10:14 IST" skipped="0">
  <testcase classname="Automation.SeleniumrepeatProject.Tests.SubmitOrderTest" name="submitOrder" time="22.654"/>
  <system-out/>
  <testcase classname="Automation.SeleniumrepeatProject.Tests.SubmitOrderTest" name="submitOrder" time="15.466"/>
  <system-out/>
  <testcase classname="Automation.SeleniumrepeatProject.Tests.SubmitOrderTest" name="OderDisplay" time="8.641"/>
  <system-out/>
</testsuite> <!-- Automation.SeleniumrepeatProject.Tests.SubmitOrderTest -->
