<?xml version="1.0" encoding="UTF-8"?>
<!-- Generated by org.testng.reporters.JUnitReportReporter -->
<testsuite hostname="SHREYAS-PC" failures="0" tests="4" name="Cucumber.TestNGTestRunner" time="66.396" errors="0" timestamp="2023-08-17T20:54:23 IST" skipped="0">
  <testcase classname="Cucumber.TestNGTestRunner" name="runScenario" time="11.808"/>
  <testcase classname="Cucumber.TestNGTestRunner" name="runScenario" time="8.159"/>
  <testcase classname="Cucumber.TestNGTestRunner" name="runScenario" time="20.223"/>
  <testcase classname="Cucumber.TestNGTestRunner" name="runScenario" time="26.206"/>
</testsuite> <!-- Cucumber.TestNGTestRunner -->
