<?xml version="1.0" encoding="UTF-8"?>
<!-- Generated by org.testng.reporters.JUnitReportReporter -->
<testsuite hostname="SHREYAS-PC" failures="0" tests="3" name="Automation.SeleniumrepeatProject.Tests.SubmitOrderTest" time="113.550" errors="0" timestamp="2023-08-17T12:26:48 IST" skipped="0">
  <testcase classname="Automation.SeleniumrepeatProject.Tests.SubmitOrderTest" name="OderDisplay" time="51.343"/>
  <testcase classname="Automation.SeleniumrepeatProject.Tests.SubmitOrderTest" name="submitOrder" time="41.125"/>
  <testcase classname="Automation.SeleniumrepeatProject.Tests.SubmitOrderTest" name="submitOrder" time="21.082"/>
</testsuite> <!-- Automation.SeleniumrepeatProject.Tests.SubmitOrderTest -->
